10003.enhancement
10004.RT57814.bugfix
10005.bugfix
10006.RT52589.bugfix
10008.bugfix
10009.enhancement
10010.RT57811.bugfix
10011.RT57791.bugfix
10012.enhancement
10013.feature
10014.enhancement
10015.enhancement
10016.enhancement
10017.RT57797.bugfix
10018.RT57827.bugfix
4698.bugfix
4703.KB1211.feature
10020.RT57824.bugfix
10022.RM13413.bugfix
10023.RM13435.bugfix
10024.rm12385.bugfix
10025.bugfix
10026.RT57667.bugfix
10027.RT57827.bugfix
10029.RM13393.bugfix
10030.RT57823.bugfix
10031.RT13396.bugfix
10049.RT57629.bugfix
10050.RT53267.bugfix
10053.RT57862.bugfix
10054.RT57942.bugfix
10056.RT57925.bugfix
10060.RT57958.bugfix
10062.enhancement
10063.RT57987.bugfix
10065.RM12613.feature
10066.bugfix
10067.bugfix
10068.RT58062.bugfix
10070.enhancement
10069.KB1479.feature
10071.RT56795.bugfix
10074.KB1480.feature
10076.manualchange
10078.RT57935.bugfix
10079.RT57971.bugfix
10080.RT58117.bugfix
10082.RT58117.bugfix
10083.RT56793.bugfix
10088.RT58201.bugfix
10089.RT53834.bugfix
10090.RT50706.bugfix
10092.RT58205.bugfix
10095.enhancement
10102.RT58344.bugfix
10103.RT58287.bugfix
4975.RT58360.bugfix
10096.bugfix
10106.note
10108.RT58472.bugfix
10109.RT58482.bugfix
10110.RT58503.bugfix
10116.RT58517.bugfix
10117.RT58526.bugfix
10118.RT58552.bugfix
10119.RT58552.bugfix
10120.RT58532.bugfix
10121.RT58552.bugfix
10124.RT58605.bugfix
10125.RT58603.bugfix
10149.RT58737.bugfix
10164.RT58603.bugfix
10165.SUP-75.bugfix
10173.SUP-197.bugfix
10178.SUP-142.bugfix
10180.SUP-223.bugfix
10181.SUP-66.bugfix
10182.AW-945.bugfix
10184.SUP-64.bugfix
10185.SUP-493.bugfix
10186.SUP-353.bugfix
10187.SUP-521.bugfix
10188.SUP-387.bugfix
10189.SUP-526.bugfix
10190.SUP-501.bugfix
10191.SUP-536.bugfix
10192.SUP-502.bugfix
10193.SUP-517.bugfix
10194.SUP-58.bugfix
10196.SUP-574.bugfix
10197.SUP-573.bugfix
10199.SUP-588.enhancement
10202.SUP-619.bugfix
10203.SUP-619.bugfix
10204.SUP-622.bugfix
10205.SUP-675.bugfix
10206.SUP-503.bugfix
10209.SUP-645.bugfix
10210.SUP-158.bugfix
10211.SUP-158.bugfix
10212.SUP-740.bugfix
10213.SUP-143.bugfix
10214.SUP-744.enhancement
10216.SUP-749.bugfix
10217.SUP-763.bugfix
10218.SUP-763.bugfix
10219.SUP-807.bugfix
10220.SUP-845.bugfix
10221.SUP-827.bugfix
10222.SUP-841.bugfix
10223.SUP-738.bugfix
10224.SUP-836.bugfix
10225.SUP-869.bugfix
10226.SUP-869.bugfix
10227.SUP-878.bugfix
10228.SUP-834.bugfix
10229.enhancement
10230.SUP-875.bugfix
10233.SUP-874.bugfix
10234.SUP-943.bugfix
10235.SUP-580.bugfix
10236.SUP-142.bugfix
10237.SUP-989.bugfix
10238.SUP-982.bugfix
10239.SUP-1006.bugfix
10240.SUP-979.bugfix
10245.SUP-1028.bugfix
10247.SUP-1045.bugfix
10248.SUP-1040.bugfix
10249.SUP-1042.bugfix
10250.SUP-1042.bugfix
10251.SUP-1043.bugfix
10252.SUP-1079.bugfix
10253.SUP-1027.bugfix
10254.SUP-888.bugfix
10255.SUP-851.bugfix
10256.SUP-1044.bugfix
10257.SUP-882.bugfix
10259.SUP-1060.bugfix
10261.SUP-1126.bugfix
10262.SUP-1147.bugfix
10264.SUP-10264.bugfix
10265.SUP-1198.bugfix
10266.SUP-1172.bugfix
10267.SUP-1241.bugfix
10268.SUP-1229.bugfix
10271.SUP-1286.bugfix
10270.SUP-1235.bugfix
10272.SUP-1307.bugfix
10273.SUP-1193.bugfix
10274.SUP-1215.bugfix
10275.SUP-1165.bugfix
10276.SUP-1363.bugfix
10277.SUP-1389.bugfix
10278.SUP-1395.bugfix
10279.SUP-1403.bugfix
10280.SUP-1406.bugfix
10281.SUP-1416.bugfix
10283.SUP-1449.bugfix
10284.SUP-1420.bugfix
10287.SUP-1274.bugfix
10291.SUP-801.bugfix
10292.SUP-1377.bugfix
10293.SUP-1506.bugfix
10294.SUP-1365.bugfix
10297.SUP-1390.bugfix
10298.SUP-1309.bugfix
10299.SUP-1113.bugfix
10300.SUP-1424.bugfix
10301.SUP-1352.bugfix
10302.SUP-1393.bugfix
10303.SUP-1386.bugfix
10308.SUP-1483.bugfix
10310.SUP-1507.bugfix
10313.SUP-1526.bugfix
10315.SUP-1634.bugfix
10316.SUP-1232.bugfix
10318.SUP-1734.bugfix
10324.SUP-1775.bugfix
10325.SUP-1705.bugfix
10329.SUP-1830.bugfix
10330.SUP-1705.bugfix
10337.enhancement
10347.enhancement
10348.SUP-997.bugfix
10349.SUP-1849.bugfix
10351.SUP-1958.bugfix
10359.SUP-1193.bugfix
10363.SUP-2002.bugfix
10379.SUP-1973.bugfix
10387.SUP-1417.bugfix
10393.SUP-1607.bugfix
10401.SUP-2101.bugfix
10403.SUP-2110.bugfix
10405.SUP-1041.bugfix
10409.SUP-194.bugfix
10429.SUP-2209.bugfix
10431.SUP-2214.bugfix
10438.SUP-2246.bugfix
10448.SUP-2263.bugfix
10515.SUP-2201.bugfix
10521.SUP-2365.bugfix
10527.SUP-2266.bugfix
10530.SUP-2466.bugfix
10532.SUP-2184.bugfix
10545.SUP-2513.bugfix
10555.SUP-2467.bugfix
10561.SUP-2623.bugfix
10572.SUP-2388.bugfix
10578.SUP-2607.enhancement
10579.SUP-2657.enhancement
10607.SUP-2291.bugfix
10628.SUP-2813.bugfix
10650.SUP-2837.bugfix
10840.SUP-2911.bugfix
10958.SUP-2992.bugfix
11002.SUP-3154.bugfix
11003.SUP-3171.bugfix
11004.SUP-3192.bugfix
11032.SUP-3250.bugfix
11082.SUP-3314.bugfix
11099.SUP-3199.bugfix
11114.SUP-3291.bugfix
11119.SUP-3171.bugfix
11162.SUP-3387.bugfix
11181.SUP-3284.bugfix
11189.SUP-3448.bugfix
11226.SUP-3459.bugfix
11277.SUP-3500.bugfix
10500.SUP-2359.bugfix
11291.SUP-3537.feature
11297.SUP-3358.bugfix
11349.SUP-3576.bugfix
11391.SUP-3636.documentation
11394.SUP-3650.bugfix
11395.SUP-3617.bugfix
11489.SUP-3794.bugfix
11580.SUP-3919.bugfix
11627.SUP-3998.bugfix
11629.SUP-4001.bugfix
11637.SUP-3958.bugfix
11688.sup-4049.bugfix
11697.SUP-4138.bugfix
11705.SUP-4150.bugfix
11888.SUP-4340.bugfix
11889.SUP-4074.bugfix
11890.SUP-4102.bugfix
11892.SUP-4177.bugfix
11916.SUP-3131.bugfix
11947.SUP-4600.enhancement
11948.SUP-4580.bugfix
11949.GTXPE-88.enhancement
11963.SUP-4644.bugfix
12034.SUP-4893.bugfix
12105.SUP-5109.bugfix
12130.SUP-5012.bugfix
12139.SUP-5150.bugfix
12152.SUP-5043.bugfix
12198.SUP-5142.bugfix
12200.bugfix
12238.bugfix
12241.bugfix
12251.bugfix
12256.SUP-5692.bugfix
12269.GTXPE-123.feature
12271.SUP-5798.bugfix
12272.SUP-5765.bugfix
12273.SUP-5804.enhancement
12275.GTXPE-123.feature
12281.GTXPE-165.enhancement
12291.SUP-5796.bugfix
12309.GTXPE-165.enhancement
12311.SUP-5908.bugfix
12312.SUP-5908.bugfix
12326.SUP-5832.bugfix
12349.SUP-6082.bugfix
12483.SUP-4230.bugfix
6133.SUP-5481.bugfix
12486.SUP-4810.bugfix
12488.SUP-6150.bugfix
12511.SUP-6294.bugfix
12512.SUP-5397.bugfix
12513.SUP-6269.bugfix
12514.SUP-6957.documentation
12515.SUP-7118.bugfix
12516.sup-7293.bugfix
12517.SUP-7720.bugfix
12518.SUP-8047.bugfix
12519.SUP-6751.enhancement
12520.SUP-5730.bugfix
12521.SUP-5573.bugfix
12522.SUP-6196.bugfix
12523.SUP-8591.bugfix
12525.SUP-13545.bugfix
12526.SUP-14030.enhancement
12527.SUP-10337.bugfix
12528.SUP-14863.bugfix
2630.note
2632.info
2934.enhancement
2935.bugfix
2952.bugfix
2950.bugfix
2951.bugfix
2949.feature
2948.bugfix
2674.bugfix
2946.bugfix
2947.bugfix
2940.bugfix
2941.bugfix
2942.enhancement
2943.enhancement
2944.enhancement
2945.bugfix
2658.enhancement
2936.bugfix
2937.bugfix
2938.bugfix
2939.bugfix
2649.bugfix
2650.feature
2651.feature
2652.enhancement
2653.feature
2654.feature
2655.enhancement
2656.bugfix
2633.enhancement
3063.bugfix
3052.bugfix
3053.bugfix
3054.enhancement
3055.bugfix
3056.bugfix
3057.enhancement
3058.bugfix
3059.bugfix
3060.enhancement
3061.bugfix
3062.feature
3048.manualchange
3049.bugfix
3050.bugfix
3051.bugfix
3028.enhancement
3029.enhancement
3030.enhancement
3031.enhancement
3032.enhancement
3033.enhancement
3034.enhancement
3035.enhancement
3036.enhancement
3037.enhancement
3038.bugfix
3039.bugfix
3040.bugfix
3041.bugfix
3042.bugfix
3043.bugfix
3044.bugfix
3045.bugfix
3046.bugfix
3047.bugfix
3008.enhancement
3009.enhancement
3010.enhancement
3011.enhancement
3012.enhancement
3013.enhancement
3014.enhancement
3015.bugfix
3016.bugfix
3017.bugfix
3018.bugfix
3019.bugfix
3020.bugfix
3021.bugfix
3022.bugfix
3023.bugfix
3024.bugfix
3025.bugfix
3026.bugfix
3027.bugfix
3007.bugfix
3000.enhancement
3001.bugfix
3002.bugfix
3003.bugfix
3004.bugfix
3005.bugfix
3006.bugfix
2997.enhancement
2998.enhancement
2999.bugfix
2971.enhancement
2972.enhancement
2973.enhancement
2974.enhancement
2975.bugfix
2976.bugfix
2977.bugfix
2978.bugfix
2979.bugfix
2980.bugfix
2981.bugfix
2982.bugfix
2983.bugfix
2984.bugfix
2985.bugfix
2986.bugfix
2987.bugfix
2988.bugfix
2989.bugfix
2990.bugfix
2991.bugfix
2992.bugfix
2993.bugfix
2994.bugfix
2995.bugfix
2996.bugfix
2648.bugfix
2694.bugfix
3124.bugfix
3125.bugfix
3126.bugfix
3127.bugfix
3128.enhancement
3129.enhancement
3130.enhancement
2646.bugfix
2647.bugfix
2634.manualchange
2635.enhancement
2636.enhancement
2637.bugfix
2638.bugfix
2639.bugfix
2640.bugfix
2641.bugfix
2642.bugfix
2643.bugfix
2644.bugfix
2645.bugfix
2657.bugfix
2964.enhancement
2965.bugfix
2966.bugfix
2967.bugfix
2968.bugfix
2969.bugfix
2970.bugfix
2962.enhancement
2963.bugfix
2953.feature
2954.feature
2955.feature
2956.feature
2957.bugfix
2958.bugfix
2959.bugfix
2960.bugfix
2961.bugfix
3120.bugfix
3121.bugfix
3122.bugfix
3123.bugfix
3118.bugfix
3119.bugfix
3112.enhancement
3113.bugfix
3114.bugfix
3115.enhancement
3116.bugfix
3117.bugfix
3097.bugfix
3098.bugfix
3099.bugfix
3100.bugfix
3101.enhancement
3102.enhancement
3103.bugfix
3104.bugfix
3105.enhancement
3106.enhancement
3107.enhancement
3108.bugfix
3109.enhancement
3110.bugfix
3111.enhancement
3095.bugfix
3096.bugfix
3071.bugfix
3072.bugfix
3073.bugfix
3074.enhancement
3075.feature
3076.enhancement
3077.feature
3078.bugfix
3079.enhancement
3080.bugfix
3081.feature
3082.enhancement
3083.enhancement
3084.bugfix
3085.enhancement
3086.enhancement
3087.enhancement
3088.enhancement
3089.feature
3090.feature
3091.enhancement
3092.bugfix
3093.enhancement
3094.enhancement
3064.bugfix
3065.bugfix
3066.enhancement
3067.bugfix
3068.bugfix
3069.bugfix
3070.bugfix
2659.manualchange
2660.manualchange
2666.manualchange
2667.manualchange
2680.manualchange
2681.manualchange
2682.manualchange
2683.manualchange
2684.manualchange
2685.enhancement
2686.enhancement
2687.enhancement
2688.enhancement
2689.manualchange
2690.manualchange
2691.manualchange
2692.manualchange
2693.manualchange
2695.manualchange
2902.feature
2903.feature
2904.feature
2905.feature
2906.enhancement
2907.enhancement
2908.enhancement
2909.enhancement
2910.enhancement
2911.enhancement
2912.enhancement
2913.enhancement
2914.enhancement
2915.bugfix
2916.bugfix
2917.bugfix
2918.bugfix
2919.bugfix
2920.bugfix
2921.bugfix
2922.bugfix
2923.bugfix
2924.bugfix
2925.bugfix
2926.bugfix
2927.info
2928.bugfix
2929.bugfix
2930.bugfix
2931.bugfix
2932.bugfix
2933.bugfix
2661.manualchange
2664.manualchange
2668.bugfix
2673.bugfix
2891.feature
2892.feature
2893.feature
2894.enhancement
2895.bugfix
2896.bugfix
2897.enhancement
2898.enhancement
2899.bugfix
2900.bugfix
2901.bugfix
2662.bugfix
2663.bugfix
2872.manualchange
2873.manualchange
2874.manualchange
2875.manualchange
2876.enhancement
2877.enhancement
2878.enhancement
2879.bugfix
2880.bugfix
2881.bugfix
2882.bugfix
2883.bugfix
2884.bugfix
2885.bugfix
2886.bugfix
2887.bugfix
2888.bugfix
2889.bugfix
2890.bugfix
2669.enhancement
2864.enhancement
2865.enhancement
2866.enhancement
2867.bugfix
2868.bugfix
2869.bugfix
2870.bugfix
2871.bugfix
2861.enhancement
2862.bugfix
2863.bugfix
2672.feature
2857.manualchange
2858.manualchange
2859.bugfix
2860.bugfix
2671.bugfix
2675.enhancement
2679.bugfix
2844.feature
2845.feature
2846.feature
2847.feature
2848.feature
2849.enhancement
2850.enhancement
2851.bugfix
2852.bugfix
2853.bugfix
2854.bugfix
2855.bugfix
2856.bugfix
2842.feature
2843.bugfix
2678.feature
2823.manualchange
2824.manualchange
2825.feature
2826.feature
2827.enhancement
2828.enhancement
2829.enhancement
2830.bugfix
2831.bugfix
2832.bugfix
2833.bugfix
2834.bugfix
2835.bugfix
2836.bugfix
2837.bugfix
2838.bugfix
2839.bugfix
2840.feature
2841.feature
2670.enhancement
2806.feature
2807.enhancement
2808.bugfix
2809.bugfix
2810.bugfix
2811.bugfix
2812.bugfix
2813.bugfix
2814.bugfix
2815.bugfix
2816.bugfix
2817.bugfix
2818.bugfix
2819.bugfix
2820.bugfix
2821.bugfix
2822.bugfix
2802.feature
2803.bugfix
2804.bugfix
2805.bugfix
2665.enhancement
2790.feature
2791.feature
2792.bugfix
2793.bugfix
2794.bugfix
2795.bugfix
2796.bugfix
2797.bugfix
2798.bugfix
2799.bugfix
2800.bugfix
2801.bugfix
2677.enhancement
2777.enhancement
2778.enhancement
2779.enhancement
2780.enhancement
2781.enhancement
2782.bugfix
2783.bugfix
2784.bugfix
2785.bugfix
2786.bugfix
2787.bugfix
2788.bugfix
2789.bugfix
2774.bugfix
2775.enhancement
2776.bugfix
2737.enhancement
2738.enhancement
2739.enhancement
2740.enhancement
2741.bugfix
2742.bugfix
2743.bugfix
2744.bugfix
2745.bugfix
2746.bugfix
2747.bugfix
2733.feature
2734.bugfix
2735.bugfix
2736.bugfix
2728.bugfix
2729.bugfix
2730.bugfix
2731.bugfix
2732.bugfix
2722.bugfix
2723.bugfix
2724.bugfix
2725.bugfix
2726.bugfix
2727.bugfix
2720.bugfix
2721.bugfix
2716.bugfix
2717.bugfix
2718.bugfix
2719.feature
2712.bugfix
2713.bugfix
2714.bugfix
2715.bugfix
2711.bugfix
2709.bugfix
2710.bugfix
2708.bugfix
2771.bugfix
2772.bugfix
2773.bugfix
2706.bugfix
2707.bugfix
2623.bugfix
2624.bugfix
2700.bugfix
2701.bugfix
2702.bugfix
2703.bugfix
2704.bugfix
2705.bugfix
2614.RT56649.bugfix
2615.RT55298.bugfix
2616.RT56649.bugfix
2617.bugfix
2618.bugfix
2619.RT56619.bugfix
2620.bugfix
2621.bugfix
2622.RT55759.bugfix
2611.RT55437.bugfix
2612.RT57078.bugfix
2613.RT56692.bugfix
2610.RT57176.bugfix
2765.bugfix
2766.bugfix
2767.bugfix
2768.bugfix
2769.bugfix
2770.bugfix
2761.bugfix
2762.bugfix
2763.bugfix
2764.bugfix
2754.enhancement
2755.bugfix
2756.bugfix
2757.bugfix
2758.bugfix
2759.bugfix
2760.bugfix
2752.bugfix
2753.bugfix
2750.bugfix
2751.bugfix
2749.bugfix
2748.bugfix
2609.feature
2607.bugfix
2608.bugfix
2571.bugfix
2569.enhancement
2570.RT57224.bugfix
2629.RT57660.bugfix
2625.bugfix
2626.RT57629.bugfix
2627.RT57725.bugfix
2628.RT57677.bugfix
2568.RT57686.bugfix
2566.RT57706.bugfix
2567.RT57711.bugfix
2598.bugfix
2599.bugfix
2600.bugfix
2601.bugfix
2602.bugfix
2603.bugfix
2604.bugfix
2605.bugfix
2606.bugfix
2592.bugfix
2593.bugfix
2594.bugfix
2595.bugfix
2596.bugfix
2597.bugfix
2588.bugfix
2589.RT56692.bugfix
2590.RT56670.bugfix
2591.RT56088.bugfix
2579.RT56649.bugfix
2580.RT55298.bugfix
2581.RT56649.bugfix
2582.bugfix
2583.bugfix
2584.RT56619.bugfix
2585.bugfix
2586.bugfix
2587.RT55759.bugfix
2576.RT55437.bugfix
2577.RT57078.bugfix
2578.RT56692.bugfix
2575.RT57176.bugfix
2574.RT56973.bugfix
2572.bugfix
2573.RT57076.bugfix
2631.note
