10062.enhancement
10063.RT57987.bugfix
10066.bugfix
10070.enhancement
10067.bugfix
10068.RT58062.bugfix
10065.RM12613.feature
10060.RT57958.bugfix
10022.RM13413.bugfix
10023.RM13435.bugfix
10026.RT57667.bugfix
10056.RT57925.bugfix
10025.bugfix
10027.RT57827.bugfix
10050.RT53267.bugfix
10054.RT57942.bugfix
10030.RT57823.bugfix
10053.RT57862.bugfix
10020.RT57824.bugfix
10024.rm12385.bugfix
10031.RT13396.bugfix
10029.RM13393.bugfix
10049.RT57629.bugfix
10103.RT58287.bugfix
10102.RT58344.bugfix
4975.RT58360.bugfix
10118.RT58552.bugfix
10119.RT58552.bugfix
10121.RT58552.bugfix
10125.RT58603.bugfix
10117.RT58526.bugfix
10116.RT58517.bugfix
10120.RT58532.bugfix
10124.RT58605.bugfix
10076.manualchange
10078.RT57935.bugfix
10080.RT58117.bugfix
10079.RT57971.bugfix
10071.RT56795.bugfix
10069.KB1479.feature
10074.KB1480.feature
10109.RT58482.bugfix
10096.bugfix
10110.RT58503.bugfix
10108.RT58472.bugfix
10106.note
10083.RT56793.bugfix
10082.RT58117.bugfix
10089.RT53834.bugfix
10092.RT58205.bugfix
10090.RT50706.bugfix
10088.RT58201.bugfix
10013.feature
4698.bugfix
4703.KB1211.feature
10012.enhancement
10005.bugfix
10011.RT57791.bugfix
10015.enhancement
10010.RT57811.bugfix
10004.RT57814.bugfix
10008.bugfix
10018.RT57827.bugfix
10006.RT52589.bugfix
10009.enhancement
10017.RT57797.bugfix
10016.enhancement
10014.enhancement
3014.enhancement
3011.enhancement
3025.bugfix
3023.bugfix
3009.enhancement
3021.bugfix
3027.bugfix
3015.bugfix
3019.bugfix
3018.bugfix
3017.bugfix
3013.enhancement
3012.enhancement
3010.enhancement
3020.bugfix
3026.bugfix
3016.bugfix
3008.enhancement
3022.bugfix
3024.bugfix
2998.enhancement
2997.enhancement
2999.bugfix
2669.enhancement
2869.bugfix
2865.enhancement
2871.bugfix
2870.bugfix
2866.enhancement
2867.bugfix
2868.bugfix
2864.enhancement
2595.bugfix
2592.bugfix
2593.bugfix
2594.bugfix
2596.bugfix
2597.bugfix
2948.bugfix
2725.bugfix
2722.bugfix
2724.bugfix
2723.bugfix
2726.bugfix
2727.bugfix
2751.bugfix
2750.bugfix
3040.bugfix
3030.enhancement
3046.bugfix
3029.enhancement
3039.bugfix
3041.bugfix
3028.enhancement
3045.bugfix
3033.enhancement
3034.enhancement
3037.enhancement
3044.bugfix
3036.enhancement
3042.bugfix
3031.enhancement
3038.bugfix
3043.bugfix
3035.enhancement
3047.bugfix
3032.enhancement
2996.bugfix
2989.bugfix
2990.bugfix
2982.bugfix
2977.bugfix
2980.bugfix
2972.enhancement
2978.bugfix
2983.bugfix
2988.bugfix
2975.bugfix
2979.bugfix
2974.enhancement
2985.bugfix
2992.bugfix
2994.bugfix
2986.bugfix
2995.bugfix
2981.bugfix
2993.bugfix
2973.enhancement
2976.bugfix
2971.enhancement
2987.bugfix
2991.bugfix
2984.bugfix
2963.bugfix
2962.enhancement
2950.bugfix
2951.bugfix
2761.bugfix
2762.bugfix
2764.bugfix
2763.bugfix
3007.bugfix
2630.note
2716.bugfix
2718.bugfix
2717.bugfix
2719.feature
2863.bugfix
2862.bugfix
2861.enhancement
2817.bugfix
2812.bugfix
2819.bugfix
2822.bugfix
2818.bugfix
2808.bugfix
2670.enhancement
2811.bugfix
2815.bugfix
2807.enhancement
2814.bugfix
2813.bugfix
2806.feature
2816.bugfix
2820.bugfix
2810.bugfix
2809.bugfix
2821.bugfix
2804.bugfix
2805.bugfix
2803.bugfix
2802.feature
2877.enhancement
2885.bugfix
2890.bugfix
2889.bugfix
2884.bugfix
2875.manualchange
2886.bugfix
2882.bugfix
2881.bugfix
2873.manualchange
2887.bugfix
2663.bugfix
2883.bugfix
2879.bugfix
2874.manualchange
2888.bugfix
2872.manualchange
2880.bugfix
2878.enhancement
2662.bugfix
2876.enhancement
2714.bugfix
2715.bugfix
2713.bugfix
2712.bugfix
3121.bugfix
3122.bugfix
3123.bugfix
3120.bugfix
2572.bugfix
2573.RT57076.bugfix
2938.bugfix
2658.enhancement
2936.bugfix
2939.bugfix
2937.bugfix
2574.RT56973.bugfix
2960.bugfix
2958.bugfix
2961.bugfix
2953.feature
2955.feature
2956.feature
2957.bugfix
2954.feature
2959.bugfix
2575.RT57176.bugfix
3049.bugfix
3051.bugfix
3048.manualchange
3050.bugfix
2895.bugfix
2661.manualchange
2897.enhancement
2894.enhancement
2893.feature
2896.bugfix
2673.bugfix
2891.feature
2898.enhancement
2899.bugfix
2664.manualchange
2901.bugfix
2892.feature
2668.bugfix
2900.bugfix
2609.feature
2729.bugfix
2728.bugfix
2730.bugfix
2731.bugfix
2732.bugfix
2952.bugfix
2767.bugfix
2766.bugfix
2769.bugfix
2770.bugfix
2765.bugfix
2768.bugfix
2791.feature
2796.bugfix
2794.bugfix
2790.feature
2801.bugfix
2795.bugfix
2800.bugfix
2793.bugfix
2799.bugfix
2792.bugfix
2797.bugfix
2798.bugfix
2755.bugfix
2754.enhancement
2757.bugfix
2758.bugfix
2759.bugfix
2760.bugfix
2756.bugfix
3082.enhancement
3090.feature
3084.bugfix
3086.enhancement
3094.enhancement
3076.enhancement
3091.enhancement
3088.enhancement
3072.bugfix
3079.enhancement
3083.enhancement
3087.enhancement
3093.enhancement
3075.feature
3092.bugfix
3074.enhancement
3089.feature
3081.feature
3085.enhancement
3078.bugfix
3080.bugfix
3077.feature
3073.bugfix
3071.bugfix
2772.bugfix
2773.bugfix
2771.bugfix
2749.bugfix
3095.bugfix
3096.bugfix
3118.bugfix
3119.bugfix
2589.RT56692.bugfix
2588.bugfix
2591.RT56088.bugfix
2590.RT56670.bugfix
2934.enhancement
2935.bugfix
2632.info
2648.bugfix
2832.bugfix
2835.bugfix
2826.feature
2838.bugfix
2836.bugfix
2829.enhancement
2828.enhancement
2831.bugfix
2825.feature
2823.manualchange
2840.feature
2830.bugfix
2834.bugfix
2827.enhancement
2839.bugfix
2833.bugfix
2841.feature
2837.bugfix
2824.manualchange
2678.feature
2734.bugfix
2736.bugfix
2733.feature
2735.bugfix
2629.RT57660.bugfix
2635.enhancement
2641.bugfix
2638.bugfix
2636.enhancement
2634.manualchange
2637.bugfix
2642.bugfix
2639.bugfix
2643.bugfix
2640.bugfix
2644.bugfix
2645.bugfix
2857.manualchange
2859.bugfix
2860.bugfix
2858.manualchange
2672.feature
2665.enhancement
2576.RT55437.bugfix
2577.RT57078.bugfix
2578.RT56692.bugfix
2685.enhancement
2912.enhancement
2667.manualchange
2689.manualchange
2681.manualchange
2682.manualchange
2921.bugfix
2660.manualchange
2691.manualchange
2690.manualchange
2928.bugfix
2923.bugfix
2909.enhancement
2932.bugfix
2911.enhancement
2903.feature
2926.bugfix
2659.manualchange
2908.enhancement
2910.enhancement
2692.manualchange
2915.bugfix
2683.manualchange
2927.info
2680.manualchange
2907.enhancement
2687.enhancement
2695.manualchange
2918.bugfix
2666.manualchange
2902.feature
2684.manualchange
2905.feature
2925.bugfix
2922.bugfix
2686.enhancement
2914.enhancement
2930.bugfix
2920.bugfix
2919.bugfix
2924.bugfix
2906.enhancement
2913.enhancement
2916.bugfix
2929.bugfix
2688.enhancement
2917.bugfix
2693.manualchange
2904.feature
2931.bugfix
2933.bugfix
2965.bugfix
2968.bugfix
2657.bugfix
2964.enhancement
2970.bugfix
2966.bugfix
2969.bugfix
2967.bugfix
2612.RT57078.bugfix
2613.RT56692.bugfix
2611.RT55437.bugfix
2702.bugfix
2624.bugfix
2703.bugfix
2705.bugfix
2700.bugfix
2704.bugfix
2701.bugfix
2623.bugfix
2627.RT57725.bugfix
2628.RT57677.bugfix
2625.bugfix
2626.RT57629.bugfix
2949.feature
2752.bugfix
2753.bugfix
2946.bugfix
2947.bugfix
2710.bugfix
2709.bugfix
2942.enhancement
2943.enhancement
2940.bugfix
2945.bugfix
2944.enhancement
2941.bugfix
3064.bugfix
3065.bugfix
3067.bugfix
3068.bugfix
3066.enhancement
3069.bugfix
3070.bugfix
2615.RT55298.bugfix
2622.RT55759.bugfix
2620.bugfix
2614.RT56649.bugfix
2621.bugfix
2617.bugfix
2616.RT56649.bugfix
2619.RT56619.bugfix
2618.bugfix
2570.RT57224.bugfix
2569.enhancement
2633.enhancement
2674.bugfix
3063.bugfix
2782.bugfix
2789.bugfix
2778.enhancement
2781.enhancement
2783.bugfix
2780.enhancement
2779.enhancement
2677.enhancement
2785.bugfix
2784.bugfix
2777.enhancement
2788.bugfix
2786.bugfix
2787.bugfix
2610.RT57176.bugfix
3059.bugfix
3053.bugfix
3057.enhancement
3055.bugfix
3060.enhancement
3052.bugfix
3056.bugfix
3058.bugfix
3054.enhancement
3061.bugfix
3062.feature
2568.RT57686.bugfix
2567.RT57711.bugfix
2566.RT57706.bugfix
2649.bugfix
2654.feature
2655.enhancement
2651.feature
2653.feature
2652.enhancement
2656.bugfix
2650.feature
2721.bugfix
2720.bugfix
3098.bugfix
3108.bugfix
3101.enhancement
3102.enhancement
3099.bugfix
3106.enhancement
3104.bugfix
3107.enhancement
3105.enhancement
3097.bugfix
3100.bugfix
3103.bugfix
3110.bugfix
3111.enhancement
3109.enhancement
2608.bugfix
2607.bugfix
2843.bugfix
2842.feature
2846.feature
2851.bugfix
2854.bugfix
2847.feature
2850.enhancement
2844.feature
2848.feature
2852.bugfix
2845.feature
2679.bugfix
2855.bugfix
2671.bugfix
2856.bugfix
2675.enhancement
2853.bugfix
2849.enhancement
3127.bugfix
3129.enhancement
3124.bugfix
2694.bugfix
3126.bugfix
3125.bugfix
3130.enhancement
3128.enhancement
3002.bugfix
3006.bugfix
3000.enhancement
3001.bugfix
3005.bugfix
3003.bugfix
3004.bugfix
2571.bugfix
2631.note
2708.bugfix
3114.bugfix
3116.bugfix
3113.bugfix
3115.enhancement
3117.bugfix
3112.enhancement
2711.bugfix
2605.bugfix
2601.bugfix
2599.bugfix
2600.bugfix
2606.bugfix
2602.bugfix
2598.bugfix
2603.bugfix
2604.bugfix
2646.bugfix
2647.bugfix
2586.bugfix
2580.RT55298.bugfix
2585.bugfix
2579.RT56649.bugfix
2587.RT55759.bugfix
2583.bugfix
2581.RT56649.bugfix
2582.bugfix
2584.RT56619.bugfix
2775.enhancement
2776.bugfix
2774.bugfix
2737.enhancement
2739.enhancement
2745.bugfix
2740.enhancement
2738.enhancement
2743.bugfix
2742.bugfix
2747.bugfix
2746.bugfix
2744.bugfix
2741.bugfix
2748.bugfix
2706.bugfix
2707.bugfix
